    [20-Jul-2024 08:42:17 UTC] PHP Parse error:  syntax error, unexpected '<', expecting end of file in C:\xampp\htdocs\wordpress_assignment\wp-content\plugins\custom_resource_filter\custom_post_type.php on line 3
[20-Jul-2024 08:52:38 UTC] PHP Fatal error:  Cannot redeclare custom_post_type_plugin_register_resource_topic_taxonomy() (previously declared in C:\xampp\htdocs\wordpress_assignment\wp-content\plugins\custom_resource_filter\includes\resource_topic_taxonomy.php:6) in C:\xampp\htdocs\wordpress_assignment\wp-content\plugins\custom_resource_filter\includes\resource_type_taxonomy.php on line 41
[20-Jul-2024 12:58:33 UTC] PHP Parse error:  syntax error, unexpected end of file in C:\xampp\htdocs\wordpress_assignment\wp-content\themes\resource-theme\index.php on line 3
[20-Jul-2024 13:20:02 UTC] PHP Fatal error:  Out of memory (allocated 2097152) (tried to allocate 32768 bytes) in C:\xampp\htdocs\wordpress_assignment\wp-admin\includes\class-wp-site-health.php on line 1561
[20-Jul-2024 15:25:23 UTC] PHP Notice:  Undefined index: page in C:\xampp\htdocs\wordpress_assignment\wp-content\themes\resource-theme\functions.php on line 220
[20-Jul-2024 15:25:24 UTC] PHP Notice:  Undefined index: page in C:\xampp\htdocs\wordpress_assignment\wp-content\themes\resource-theme\functions.php on line 220
[20-Jul-2024 15:28:15 UTC] PHP Notice:  Undefined index: page in C:\xampp\htdocs\wordpress_assignment\wp-content\themes\resource-theme\functions.php on line 220
[20-Jul-2024 16:04:49 UTC] PHP Notice:  Trying to get property 'slug' of non-object in C:\xampp\htdocs\wordpress_assignment\wp-content\themes\resource-theme\archive-resource.php on line 23
[20-Jul-2024 16:04:49 UTC] PHP Notice:  Trying to get property 'name' of non-object in C:\xampp\htdocs\wordpress_assignment\wp-content\themes\resource-theme\archive-resource.php on line 24
[20-Jul-2024 16:04:49 UTC] PHP Notice:  Trying to get property 'slug' of non-object in C:\xampp\htdocs\wordpress_assignment\wp-content\themes\resource-theme\archive-resource.php on line 23
[20-Jul-2024 16:04:49 UTC] PHP Notice:  Trying to get property 'name' of non-object in C:\xampp\htdocs\wordpress_assignment\wp-content\themes\resource-theme\archive-resource.php on line 24
[20-Jul-2024 16:19:25 UTC] PHP Fatal error:  Uncaught Error: Call to a member function have_posts() on array in C:\xampp\htdocs\wordpress_assignment\wp-content\themes\resource-theme\archive-resource.php:68
Stack trace:
#0 C:\xampp\htdocs\wordpress_assignment\wp-includes\template-loader.php(106): include()
#1 C:\xampp\htdocs\wordpress_assignment\wp-blog-header.php(19): require_once('C:\\xampp\\htdocs...')
#2 C:\xampp\htdocs\wordpress_assignment\index.php(17): require('C:\\xampp\\htdocs...')
#3 {main}
  thrown in C:\xampp\htdocs\wordpress_assignment\wp-content\themes\resource-theme\archive-resource.php on line 68
[20-Jul-2024 16:21:32 UTC] PHP Fatal error:  Uncaught Error: Call to a member function have_posts() on array in C:\xampp\htdocs\wordpress_assignment\wp-content\themes\resource-theme\archive-resource.php:68
Stack trace:
#0 C:\xampp\htdocs\wordpress_assignment\wp-includes\template-loader.php(106): include()
#1 C:\xampp\htdocs\wordpress_assignment\wp-blog-header.php(19): require_once('C:\\xampp\\htdocs...')
#2 C:\xampp\htdocs\wordpress_assignment\index.php(17): require('C:\\xampp\\htdocs...')
#3 {main}
  thrown in C:\xampp\htdocs\wordpress_assignment\wp-content\themes\resource-theme\archive-resource.php on line 68
[20-Jul-2024 17:26:28 UTC] PHP Warning:  Use of undefined constant t - assumed 't' (this will throw an Error in a future version of PHP) in C:\xampp\htdocs\wordpress_assignment\wp-content\themes\resource-theme\archive-resource.php on line 66
[20-Jul-2024 17:26:28 UTC] PHP Warning:  Use of undefined constant t - assumed 't' (this will throw an Error in a future version of PHP) in C:\xampp\htdocs\wordpress_assignment\wp-content\themes\resource-theme\archive-resource.php on line 66
[20-Jul-2024 17:26:28 UTC] PHP Warning:  Use of undefined constant t - assumed 't' (this will throw an Error in a future version of PHP) in C:\xampp\htdocs\wordpress_assignment\wp-content\themes\resource-theme\archive-resource.php on line 66
[20-Jul-2024 17:26:28 UTC] PHP Warning:  Use of undefined constant t - assumed 't' (this will throw an Error in a future version of PHP) in C:\xampp\htdocs\wordpress_assignment\wp-content\themes\resource-theme\archive-resource.php on line 66
[20-Jul-2024 17:26:28 UTC] PHP Warning:  Use of undefined constant t - assumed 't' (this will throw an Error in a future version of PHP) in C:\xampp\htdocs\wordpress_assignment\wp-content\themes\resource-theme\archive-resource.php on line 66
[20-Jul-2024 17:26:28 UTC] PHP Warning:  Use of undefined constant t - assumed 't' (this will throw an Error in a future version of PHP) in C:\xampp\htdocs\wordpress_assignment\wp-content\themes\resource-theme\archive-resource.php on line 66
[20-Jul-2024 17:26:39 UTC] PHP Warning:  Use of undefined constant t - assumed 't' (this will throw an Error in a future version of PHP) in C:\xampp\htdocs\wordpress_assignment\wp-content\themes\resource-theme\archive-resource.php on line 66
[20-Jul-2024 17:26:39 UTC] PHP Warning:  Use of undefined constant t - assumed 't' (this will throw an Error in a future version of PHP) in C:\xampp\htdocs\wordpress_assignment\wp-content\themes\resource-theme\archive-resource.php on line 66
[20-Jul-2024 17:26:39 UTC] PHP Warning:  Use of undefined constant t - assumed 't' (this will throw an Error in a future version of PHP) in C:\xampp\htdocs\wordpress_assignment\wp-content\themes\resource-theme\archive-resource.php on line 66
[20-Jul-2024 17:26:39 UTC] PHP Warning:  Use of undefined constant t - assumed 't' (this will throw an Error in a future version of PHP) in C:\xampp\htdocs\wordpress_assignment\wp-content\themes\resource-theme\archive-resource.php on line 66
[20-Jul-2024 17:26:39 UTC] PHP Warning:  Use of undefined constant t - assumed 't' (this will throw an Error in a future version of PHP) in C:\xampp\htdocs\wordpress_assignment\wp-content\themes\resource-theme\archive-resource.php on line 66
[20-Jul-2024 17:26:39 UTC] PHP Warning:  Use of undefined constant t - assumed 't' (this will throw an Error in a future version of PHP) in C:\xampp\htdocs\wordpress_assignment\wp-content\themes\resource-theme\archive-resource.php on line 66
[20-Jul-2024 17:29:04 UTC] PHP Warning:  Use of undefined constant t - assumed 't' (this will throw an Error in a future version of PHP) in C:\xampp\htdocs\wordpress_assignment\wp-content\themes\resource-theme\archive-resource.php on line 69
[20-Jul-2024 17:29:04 UTC] PHP Warning:  Use of undefined constant t - assumed 't' (this will throw an Error in a future version of PHP) in C:\xampp\htdocs\wordpress_assignment\wp-content\themes\resource-theme\archive-resource.php on line 69
[20-Jul-2024 17:29:04 UTC] PHP Warning:  Use of undefined constant t - assumed 't' (this will throw an Error in a future version of PHP) in C:\xampp\htdocs\wordpress_assignment\wp-content\themes\resource-theme\archive-resource.php on line 69
[20-Jul-2024 17:29:04 UTC] PHP Warning:  Use of undefined constant t - assumed 't' (this will throw an Error in a future version of PHP) in C:\xampp\htdocs\wordpress_assignment\wp-content\themes\resource-theme\archive-resource.php on line 69
[20-Jul-2024 17:29:04 UTC] PHP Warning:  Use of undefined constant t - assumed 't' (this will throw an Error in a future version of PHP) in C:\xampp\htdocs\wordpress_assignment\wp-content\themes\resource-theme\archive-resource.php on line 69
[20-Jul-2024 17:29:04 UTC] PHP Warning:  Use of undefined constant t - assumed 't' (this will throw an Error in a future version of PHP) in C:\xampp\htdocs\wordpress_assignment\wp-content\themes\resource-theme\archive-resource.php on line 69
[20-Jul-2024 17:29:53 UTC] PHP Warning:  Use of undefined constant t - assumed 't' (this will throw an Error in a future version of PHP) in C:\xampp\htdocs\wordpress_assignment\wp-content\themes\resource-theme\archive-resource.php on line 69
[20-Jul-2024 17:29:53 UTC] PHP Warning:  Use of undefined constant t - assumed 't' (this will throw an Error in a future version of PHP) in C:\xampp\htdocs\wordpress_assignment\wp-content\themes\resource-theme\archive-resource.php on line 69
[20-Jul-2024 17:29:53 UTC] PHP Warning:  Use of undefined constant t - assumed 't' (this will throw an Error in a future version of PHP) in C:\xampp\htdocs\wordpress_assignment\wp-content\themes\resource-theme\archive-resource.php on line 69
[20-Jul-2024 17:29:53 UTC] PHP Warning:  Use of undefined constant t - assumed 't' (this will throw an Error in a future version of PHP) in C:\xampp\htdocs\wordpress_assignment\wp-content\themes\resource-theme\archive-resource.php on line 69
[20-Jul-2024 17:29:53 UTC] PHP Warning:  Use of undefined constant t - assumed 't' (this will throw an Error in a future version of PHP) in C:\xampp\htdocs\wordpress_assignment\wp-content\themes\resource-theme\archive-resource.php on line 69
[20-Jul-2024 17:29:53 UTC] PHP Warning:  Use of undefined constant t - assumed 't' (this will throw an Error in a future version of PHP) in C:\xampp\htdocs\wordpress_assignment\wp-content\themes\resource-theme\archive-resource.php on line 69
[20-Jul-2024 17:31:55 UTC] PHP Parse error:  syntax error, unexpected ''orderby'' (T_CONSTANT_ENCAPSED_STRING), expecting ')' in C:\xampp\htdocs\wordpress_assignment\wp-content\themes\resource-theme\functions.php on line 216
[20-Jul-2024 17:31:57 UTC] PHP Parse error:  syntax error, unexpected ''orderby'' (T_CONSTANT_ENCAPSED_STRING), expecting ')' in C:\xampp\htdocs\wordpress_assignment\wp-content\themes\resource-theme\functions.php on line 216
[20-Jul-2024 17:33:12 UTC] PHP Parse error:  syntax error, unexpected ''orderby'' (T_CONSTANT_ENCAPSED_STRING), expecting ')' in C:\xampp\htdocs\wordpress_assignment\wp-content\themes\resource-theme\functions.php on line 216
[20-Jul-2024 17:33:31 UTC] PHP Parse error:  syntax error, unexpected ''orderby'' (T_CONSTANT_ENCAPSED_STRING), expecting ')' in C:\xampp\htdocs\wordpress_assignment\wp-content\themes\resource-theme\functions.php on line 216
[20-Jul-2024 17:33:58 UTC] PHP Parse error:  syntax error, unexpected ''orderby'' (T_CONSTANT_ENCAPSED_STRING), expecting ')' in C:\xampp\htdocs\wordpress_assignment\wp-content\themes\resource-theme\functions.php on line 216
[20-Jul-2024 17:34:47 UTC] PHP Warning:  Use of undefined constant t - assumed 't' (this will throw an Error in a future version of PHP) in C:\xampp\htdocs\wordpress_assignment\wp-content\themes\resource-theme\archive-resource.php on line 69
[20-Jul-2024 17:34:47 UTC] PHP Warning:  Use of undefined constant t - assumed 't' (this will throw an Error in a future version of PHP) in C:\xampp\htdocs\wordpress_assignment\wp-content\themes\resource-theme\archive-resource.php on line 69
[20-Jul-2024 17:34:47 UTC] PHP Warning:  Use of undefined constant t - assumed 't' (this will throw an Error in a future version of PHP) in C:\xampp\htdocs\wordpress_assignment\wp-content\themes\resource-theme\archive-resource.php on line 69
[20-Jul-2024 17:34:47 UTC] PHP Warning:  Use of undefined constant t - assumed 't' (this will throw an Error in a future version of PHP) in C:\xampp\htdocs\wordpress_assignment\wp-content\themes\resource-theme\archive-resource.php on line 69
[20-Jul-2024 17:34:47 UTC] PHP Warning:  Use of undefined constant t - assumed 't' (this will throw an Error in a future version of PHP) in C:\xampp\htdocs\wordpress_assignment\wp-content\themes\resource-theme\archive-resource.php on line 69
[20-Jul-2024 17:34:47 UTC] PHP Warning:  Use of undefined constant t - assumed 't' (this will throw an Error in a future version of PHP) in C:\xampp\htdocs\wordpress_assignment\wp-content\themes\resource-theme\archive-resource.php on line 69
[20-Jul-2024 17:34:50 UTC] PHP Warning:  Use of undefined constant t - assumed 't' (this will throw an Error in a future version of PHP) in C:\xampp\htdocs\wordpress_assignment\wp-content\themes\resource-theme\archive-resource.php on line 69
[20-Jul-2024 17:34:50 UTC] PHP Warning:  Use of undefined constant t - assumed 't' (this will throw an Error in a future version of PHP) in C:\xampp\htdocs\wordpress_assignment\wp-content\themes\resource-theme\archive-resource.php on line 69
[20-Jul-2024 17:34:50 UTC] PHP Warning:  Use of undefined constant t - assumed 't' (this will throw an Error in a future version of PHP) in C:\xampp\htdocs\wordpress_assignment\wp-content\themes\resource-theme\archive-resource.php on line 69
[20-Jul-2024 17:34:50 UTC] PHP Warning:  Use of undefined constant t - assumed 't' (this will throw an Error in a future version of PHP) in C:\xampp\htdocs\wordpress_assignment\wp-content\themes\resource-theme\archive-resource.php on line 69
[20-Jul-2024 17:34:50 UTC] PHP Warning:  Use of undefined constant t - assumed 't' (this will throw an Error in a future version of PHP) in C:\xampp\htdocs\wordpress_assignment\wp-content\themes\resource-theme\archive-resource.php on line 69
[20-Jul-2024 17:34:50 UTC] PHP Warning:  Use of undefined constant t - assumed 't' (this will throw an Error in a future version of PHP) in C:\xampp\htdocs\wordpress_assignment\wp-content\themes\resource-theme\archive-resource.php on line 69
[20-Jul-2024 17:35:25 UTC] PHP Warning:  Use of undefined constant t - assumed 't' (this will throw an Error in a future version of PHP) in C:\xampp\htdocs\wordpress_assignment\wp-content\themes\resource-theme\archive-resource.php on line 69
[20-Jul-2024 17:35:25 UTC] PHP Warning:  Use of undefined constant t - assumed 't' (this will throw an Error in a future version of PHP) in C:\xampp\htdocs\wordpress_assignment\wp-content\themes\resource-theme\archive-resource.php on line 69
[20-Jul-2024 17:35:25 UTC] PHP Warning:  Use of undefined constant t - assumed 't' (this will throw an Error in a future version of PHP) in C:\xampp\htdocs\wordpress_assignment\wp-content\themes\resource-theme\archive-resource.php on line 69
[20-Jul-2024 17:35:25 UTC] PHP Warning:  Use of undefined constant t - assumed 't' (this will throw an Error in a future version of PHP) in C:\xampp\htdocs\wordpress_assignment\wp-content\themes\resource-theme\archive-resource.php on line 69
[20-Jul-2024 17:35:25 UTC] PHP Warning:  Use of undefined constant t - assumed 't' (this will throw an Error in a future version of PHP) in C:\xampp\htdocs\wordpress_assignment\wp-content\themes\resource-theme\archive-resource.php on line 69
[20-Jul-2024 17:35:25 UTC] PHP Warning:  Use of undefined constant t - assumed 't' (this will throw an Error in a future version of PHP) in C:\xampp\htdocs\wordpress_assignment\wp-content\themes\resource-theme\archive-resource.php on line 69
[20-Jul-2024 17:40:03 UTC] PHP Warning:  Use of undefined constant t - assumed 't' (this will throw an Error in a future version of PHP) in C:\xampp\htdocs\wordpress_assignment\wp-content\themes\resource-theme\archive-resource.php on line 69
[20-Jul-2024 17:40:03 UTC] PHP Warning:  Use of undefined constant t - assumed 't' (this will throw an Error in a future version of PHP) in C:\xampp\htdocs\wordpress_assignment\wp-content\themes\resource-theme\archive-resource.php on line 69
[20-Jul-2024 17:40:03 UTC] PHP Warning:  Use of undefined constant t - assumed 't' (this will throw an Error in a future version of PHP) in C:\xampp\htdocs\wordpress_assignment\wp-content\themes\resource-theme\archive-resource.php on line 69
[20-Jul-2024 17:40:03 UTC] PHP Warning:  Use of undefined constant t - assumed 't' (this will throw an Error in a future version of PHP) in C:\xampp\htdocs\wordpress_assignment\wp-content\themes\resource-theme\archive-resource.php on line 69
[20-Jul-2024 17:40:03 UTC] PHP Warning:  Use of undefined constant t - assumed 't' (this will throw an Error in a future version of PHP) in C:\xampp\htdocs\wordpress_assignment\wp-content\themes\resource-theme\archive-resource.php on line 69
[20-Jul-2024 17:40:03 UTC] PHP Warning:  Use of undefined constant t - assumed 't' (this will throw an Error in a future version of PHP) in C:\xampp\htdocs\wordpress_assignment\wp-content\themes\resource-theme\archive-resource.php on line 69
[20-Jul-2024 17:40:50 UTC] PHP Warning:  Use of undefined constant t - assumed 't' (this will throw an Error in a future version of PHP) in C:\xampp\htdocs\wordpress_assignment\wp-content\themes\resource-theme\archive-resource.php on line 69
[20-Jul-2024 17:40:50 UTC] PHP Warning:  Use of undefined constant t - assumed 't' (this will throw an Error in a future version of PHP) in C:\xampp\htdocs\wordpress_assignment\wp-content\themes\resource-theme\archive-resource.php on line 69
[20-Jul-2024 17:40:50 UTC] PHP Warning:  Use of undefined constant t - assumed 't' (this will throw an Error in a future version of PHP) in C:\xampp\htdocs\wordpress_assignment\wp-content\themes\resource-theme\archive-resource.php on line 69
[20-Jul-2024 17:40:50 UTC] PHP Warning:  Use of undefined constant t - assumed 't' (this will throw an Error in a future version of PHP) in C:\xampp\htdocs\wordpress_assignment\wp-content\themes\resource-theme\archive-resource.php on line 69
[20-Jul-2024 17:40:50 UTC] PHP Warning:  Use of undefined constant t - assumed 't' (this will throw an Error in a future version of PHP) in C:\xampp\htdocs\wordpress_assignment\wp-content\themes\resource-theme\archive-resource.php on line 69
[20-Jul-2024 17:40:50 UTC] PHP Warning:  Use of undefined constant t - assumed 't' (this will throw an Error in a future version of PHP) in C:\xampp\htdocs\wordpress_assignment\wp-content\themes\resource-theme\archive-resource.php on line 69
[20-Jul-2024 17:46:20 UTC] PHP Warning:  Use of undefined constant t - assumed 't' (this will throw an Error in a future version of PHP) in C:\xampp\htdocs\wordpress_assignment\wp-content\themes\resource-theme\archive-resource.php on line 69
[20-Jul-2024 17:46:20 UTC] PHP Warning:  Use of undefined constant t - assumed 't' (this will throw an Error in a future version of PHP) in C:\xampp\htdocs\wordpress_assignment\wp-content\themes\resource-theme\archive-resource.php on line 69
[20-Jul-2024 17:46:20 UTC] PHP Warning:  Use of undefined constant t - assumed 't' (this will throw an Error in a future version of PHP) in C:\xampp\htdocs\wordpress_assignment\wp-content\themes\resource-theme\archive-resource.php on line 69
[20-Jul-2024 17:46:20 UTC] PHP Warning:  Use of undefined constant t - assumed 't' (this will throw an Error in a future version of PHP) in C:\xampp\htdocs\wordpress_assignment\wp-content\themes\resource-theme\archive-resource.php on line 69
[20-Jul-2024 17:46:20 UTC] PHP Warning:  Use of undefined constant t - assumed 't' (this will throw an Error in a future version of PHP) in C:\xampp\htdocs\wordpress_assignment\wp-content\themes\resource-theme\archive-resource.php on line 69
[20-Jul-2024 17:46:20 UTC] PHP Warning:  Use of undefined constant t - assumed 't' (this will throw an Error in a future version of PHP) in C:\xampp\htdocs\wordpress_assignment\wp-content\themes\resource-theme\archive-resource.php on line 69
[20-Jul-2024 17:46:29 UTC] PHP Warning:  Use of undefined constant t - assumed 't' (this will throw an Error in a future version of PHP) in C:\xampp\htdocs\wordpress_assignment\wp-content\themes\resource-theme\archive-resource.php on line 69
[20-Jul-2024 17:46:29 UTC] PHP Warning:  Use of undefined constant t - assumed 't' (this will throw an Error in a future version of PHP) in C:\xampp\htdocs\wordpress_assignment\wp-content\themes\resource-theme\archive-resource.php on line 69
[20-Jul-2024 17:46:29 UTC] PHP Warning:  Use of undefined constant t - assumed 't' (this will throw an Error in a future version of PHP) in C:\xampp\htdocs\wordpress_assignment\wp-content\themes\resource-theme\archive-resource.php on line 69
[20-Jul-2024 17:46:29 UTC] PHP Warning:  Use of undefined constant t - assumed 't' (this will throw an Error in a future version of PHP) in C:\xampp\htdocs\wordpress_assignment\wp-content\themes\resource-theme\archive-resource.php on line 69
[20-Jul-2024 17:46:29 UTC] PHP Warning:  Use of undefined constant t - assumed 't' (this will throw an Error in a future version of PHP) in C:\xampp\htdocs\wordpress_assignment\wp-content\themes\resource-theme\archive-resource.php on line 69
[20-Jul-2024 17:46:29 UTC] PHP Warning:  Use of undefined constant t - assumed 't' (this will throw an Error in a future version of PHP) in C:\xampp\htdocs\wordpress_assignment\wp-content\themes\resource-theme\archive-resource.php on line 69
[20-Jul-2024 17:46:42 UTC] PHP Warning:  Use of undefined constant t - assumed 't' (this will throw an Error in a future version of PHP) in C:\xampp\htdocs\wordpress_assignment\wp-content\themes\resource-theme\archive-resource.php on line 69
[20-Jul-2024 17:46:42 UTC] PHP Warning:  Use of undefined constant t - assumed 't' (this will throw an Error in a future version of PHP) in C:\xampp\htdocs\wordpress_assignment\wp-content\themes\resource-theme\archive-resource.php on line 69
[20-Jul-2024 17:46:42 UTC] PHP Warning:  Use of undefined constant t - assumed 't' (this will throw an Error in a future version of PHP) in C:\xampp\htdocs\wordpress_assignment\wp-content\themes\resource-theme\archive-resource.php on line 69
[20-Jul-2024 17:46:42 UTC] PHP Warning:  Use of undefined constant t - assumed 't' (this will throw an Error in a future version of PHP) in C:\xampp\htdocs\wordpress_assignment\wp-content\themes\resource-theme\archive-resource.php on line 69
[20-Jul-2024 17:46:42 UTC] PHP Warning:  Use of undefined constant t - assumed 't' (this will throw an Error in a future version of PHP) in C:\xampp\htdocs\wordpress_assignment\wp-content\themes\resource-theme\archive-resource.php on line 69
[20-Jul-2024 17:46:42 UTC] PHP Warning:  Use of undefined constant t - assumed 't' (this will throw an Error in a future version of PHP) in C:\xampp\htdocs\wordpress_assignment\wp-content\themes\resource-theme\archive-resource.php on line 69
[20-Jul-2024 17:46:58 UTC] PHP Warning:  Use of undefined constant t - assumed 't' (this will throw an Error in a future version of PHP) in C:\xampp\htdocs\wordpress_assignment\wp-content\themes\resource-theme\archive-resource.php on line 69
[20-Jul-2024 17:46:58 UTC] PHP Warning:  Use of undefined constant t - assumed 't' (this will throw an Error in a future version of PHP) in C:\xampp\htdocs\wordpress_assignment\wp-content\themes\resource-theme\archive-resource.php on line 69
[20-Jul-2024 17:46:58 UTC] PHP Warning:  Use of undefined constant t - assumed 't' (this will throw an Error in a future version of PHP) in C:\xampp\htdocs\wordpress_assignment\wp-content\themes\resource-theme\archive-resource.php on line 69
[20-Jul-2024 17:46:58 UTC] PHP Warning:  Use of undefined constant t - assumed 't' (this will throw an Error in a future version of PHP) in C:\xampp\htdocs\wordpress_assignment\wp-content\themes\resource-theme\archive-resource.php on line 69
[20-Jul-2024 17:46:58 UTC] PHP Warning:  Use of undefined constant t - assumed 't' (this will throw an Error in a future version of PHP) in C:\xampp\htdocs\wordpress_assignment\wp-content\themes\resource-theme\archive-resource.php on line 69
[20-Jul-2024 17:46:58 UTC] PHP Warning:  Use of undefined constant t - assumed 't' (this will throw an Error in a future version of PHP) in C:\xampp\htdocs\wordpress_assignment\wp-content\themes\resource-theme\archive-resource.php on line 69
[20-Jul-2024 17:49:02 UTC] PHP Parse error:  syntax error, unexpected ''orderby'' (T_CONSTANT_ENCAPSED_STRING), expecting ')' in C:\xampp\htdocs\wordpress_assignment\wp-content\themes\resource-theme\functions.php on line 217
[20-Jul-2024 17:49:02 UTC] PHP Parse error:  syntax error, unexpected ''orderby'' (T_CONSTANT_ENCAPSED_STRING), expecting ')' in C:\xampp\htdocs\wordpress_assignment\wp-content\themes\resource-theme\functions.php on line 217
[20-Jul-2024 17:49:02 UTC] PHP Parse error:  syntax error, unexpected ''orderby'' (T_CONSTANT_ENCAPSED_STRING), expecting ')' in C:\xampp\htdocs\wordpress_assignment\wp-content\themes\resource-theme\functions.php on line 217
[20-Jul-2024 17:49:02 UTC] PHP Parse error:  syntax error, unexpected ''orderby'' (T_CONSTANT_ENCAPSED_STRING), expecting ')' in C:\xampp\htdocs\wordpress_assignment\wp-content\themes\resource-theme\functions.php on line 217
[20-Jul-2024 17:49:02 UTC] PHP Parse error:  syntax error, unexpected ''orderby'' (T_CONSTANT_ENCAPSED_STRING), expecting ')' in C:\xampp\htdocs\wordpress_assignment\wp-content\themes\resource-theme\functions.php on line 217
[20-Jul-2024 17:49:02 UTC] PHP Parse error:  syntax error, unexpected ''orderby'' (T_CONSTANT_ENCAPSED_STRING), expecting ')' in C:\xampp\htdocs\wordpress_assignment\wp-content\themes\resource-theme\functions.php on line 217
[20-Jul-2024 17:49:06 UTC] PHP Parse error:  syntax error, unexpected ''orderby'' (T_CONSTANT_ENCAPSED_STRING), expecting ')' in C:\xampp\htdocs\wordpress_assignment\wp-content\themes\resource-theme\functions.php on line 217
[20-Jul-2024 17:49:20 UTC] PHP Parse error:  syntax error, unexpected ''orderby'' (T_CONSTANT_ENCAPSED_STRING), expecting ')' in C:\xampp\htdocs\wordpress_assignment\wp-content\themes\resource-theme\functions.php on line 217
[20-Jul-2024 17:50:06 UTC] PHP Parse error:  syntax error, unexpected ''orderby'' (T_CONSTANT_ENCAPSED_STRING), expecting ')' in C:\xampp\htdocs\wordpress_assignment\wp-content\themes\resource-theme\functions.php on line 217
[20-Jul-2024 17:50:59 UTC] PHP Parse error:  syntax error, unexpected ''orderby'' (T_CONSTANT_ENCAPSED_STRING), expecting ')' in C:\xampp\htdocs\wordpress_assignment\wp-content\themes\resource-theme\functions.php on line 217
[20-Jul-2024 17:51:13 UTC] PHP Parse error:  syntax error, unexpected '=>' (T_DOUBLE_ARROW) in C:\xampp\htdocs\wordpress_assignment\wp-content\themes\resource-theme\functions.php on line 220
[20-Jul-2024 17:51:18 UTC] PHP Parse error:  syntax error, unexpected '=>' (T_DOUBLE_ARROW) in C:\xampp\htdocs\wordpress_assignment\wp-content\themes\resource-theme\functions.php on line 220
[20-Jul-2024 17:51:21 UTC] PHP Parse error:  syntax error, unexpected '=>' (T_DOUBLE_ARROW) in C:\xampp\htdocs\wordpress_assignment\wp-content\themes\resource-theme\functions.php on line 220
[20-Jul-2024 17:51:44 UTC] PHP Warning:  Use of undefined constant t - assumed 't' (this will throw an Error in a future version of PHP) in C:\xampp\htdocs\wordpress_assignment\wp-content\themes\resource-theme\archive-resource.php on line 69
[20-Jul-2024 17:51:44 UTC] PHP Warning:  Use of undefined constant t - assumed 't' (this will throw an Error in a future version of PHP) in C:\xampp\htdocs\wordpress_assignment\wp-content\themes\resource-theme\archive-resource.php on line 69
[20-Jul-2024 17:51:44 UTC] PHP Warning:  Use of undefined constant t - assumed 't' (this will throw an Error in a future version of PHP) in C:\xampp\htdocs\wordpress_assignment\wp-content\themes\resource-theme\archive-resource.php on line 69
[20-Jul-2024 17:51:44 UTC] PHP Warning:  Use of undefined constant t - assumed 't' (this will throw an Error in a future version of PHP) in C:\xampp\htdocs\wordpress_assignment\wp-content\themes\resource-theme\archive-resource.php on line 69
[20-Jul-2024 17:51:44 UTC] PHP Warning:  Use of undefined constant t - assumed 't' (this will throw an Error in a future version of PHP) in C:\xampp\htdocs\wordpress_assignment\wp-content\themes\resource-theme\archive-resource.php on line 69
[20-Jul-2024 17:51:44 UTC] PHP Warning:  Use of undefined constant t - assumed 't' (this will throw an Error in a future version of PHP) in C:\xampp\htdocs\wordpress_assignment\wp-content\themes\resource-theme\archive-resource.php on line 69
[20-Jul-2024 17:52:05 UTC] PHP Warning:  Use of undefined constant t - assumed 't' (this will throw an Error in a future version of PHP) in C:\xampp\htdocs\wordpress_assignment\wp-content\themes\resource-theme\archive-resource.php on line 69
[20-Jul-2024 17:52:05 UTC] PHP Warning:  Use of undefined constant t - assumed 't' (this will throw an Error in a future version of PHP) in C:\xampp\htdocs\wordpress_assignment\wp-content\themes\resource-theme\archive-resource.php on line 69
[20-Jul-2024 17:52:05 UTC] PHP Warning:  Use of undefined constant t - assumed 't' (this will throw an Error in a future version of PHP) in C:\xampp\htdocs\wordpress_assignment\wp-content\themes\resource-theme\archive-resource.php on line 69
[20-Jul-2024 17:52:05 UTC] PHP Warning:  Use of undefined constant t - assumed 't' (this will throw an Error in a future version of PHP) in C:\xampp\htdocs\wordpress_assignment\wp-content\themes\resource-theme\archive-resource.php on line 69
[20-Jul-2024 17:52:05 UTC] PHP Warning:  Use of undefined constant t - assumed 't' (this will throw an Error in a future version of PHP) in C:\xampp\htdocs\wordpress_assignment\wp-content\themes\resource-theme\archive-resource.php on line 69
[20-Jul-2024 17:52:05 UTC] PHP Warning:  Use of undefined constant t - assumed 't' (this will throw an Error in a future version of PHP) in C:\xampp\htdocs\wordpress_assignment\wp-content\themes\resource-theme\archive-resource.php on line 69
[20-Jul-2024 17:52:11 UTC] PHP Warning:  Use of undefined constant t - assumed 't' (this will throw an Error in a future version of PHP) in C:\xampp\htdocs\wordpress_assignment\wp-content\themes\resource-theme\archive-resource.php on line 69
[20-Jul-2024 17:52:11 UTC] PHP Warning:  Use of undefined constant t - assumed 't' (this will throw an Error in a future version of PHP) in C:\xampp\htdocs\wordpress_assignment\wp-content\themes\resource-theme\archive-resource.php on line 69
[20-Jul-2024 17:52:11 UTC] PHP Warning:  Use of undefined constant t - assumed 't' (this will throw an Error in a future version of PHP) in C:\xampp\htdocs\wordpress_assignment\wp-content\themes\resource-theme\archive-resource.php on line 69
[20-Jul-2024 17:52:11 UTC] PHP Warning:  Use of undefined constant t - assumed 't' (this will throw an Error in a future version of PHP) in C:\xampp\htdocs\wordpress_assignment\wp-content\themes\resource-theme\archive-resource.php on line 69
[20-Jul-2024 17:52:11 UTC] PHP Warning:  Use of undefined constant t - assumed 't' (this will throw an Error in a future version of PHP) in C:\xampp\htdocs\wordpress_assignment\wp-content\themes\resource-theme\archive-resource.php on line 69
[20-Jul-2024 17:52:11 UTC] PHP Warning:  Use of undefined constant t - assumed 't' (this will throw an Error in a future version of PHP) in C:\xampp\htdocs\wordpress_assignment\wp-content\themes\resource-theme\archive-resource.php on line 69
[20-Jul-2024 17:52:16 UTC] PHP Warning:  Use of undefined constant t - assumed 't' (this will throw an Error in a future version of PHP) in C:\xampp\htdocs\wordpress_assignment\wp-content\themes\resource-theme\archive-resource.php on line 69
[20-Jul-2024 17:52:16 UTC] PHP Warning:  Use of undefined constant t - assumed 't' (this will throw an Error in a future version of PHP) in C:\xampp\htdocs\wordpress_assignment\wp-content\themes\resource-theme\archive-resource.php on line 69
[20-Jul-2024 17:52:16 UTC] PHP Warning:  Use of undefined constant t - assumed 't' (this will throw an Error in a future version of PHP) in C:\xampp\htdocs\wordpress_assignment\wp-content\themes\resource-theme\archive-resource.php on line 69
[20-Jul-2024 17:52:16 UTC] PHP Warning:  Use of undefined constant t - assumed 't' (this will throw an Error in a future version of PHP) in C:\xampp\htdocs\wordpress_assignment\wp-content\themes\resource-theme\archive-resource.php on line 69
[20-Jul-2024 17:52:16 UTC] PHP Warning:  Use of undefined constant t - assumed 't' (this will throw an Error in a future version of PHP) in C:\xampp\htdocs\wordpress_assignment\wp-content\themes\resource-theme\archive-resource.php on line 69
[20-Jul-2024 17:52:16 UTC] PHP Warning:  Use of undefined constant t - assumed 't' (this will throw an Error in a future version of PHP) in C:\xampp\htdocs\wordpress_assignment\wp-content\themes\resource-theme\archive-resource.php on line 69
[20-Jul-2024 17:52:17 UTC] PHP Warning:  Use of undefined constant t - assumed 't' (this will throw an Error in a future version of PHP) in C:\xampp\htdocs\wordpress_assignment\wp-content\themes\resource-theme\archive-resource.php on line 69
[20-Jul-2024 17:52:17 UTC] PHP Warning:  Use of undefined constant t - assumed 't' (this will throw an Error in a future version of PHP) in C:\xampp\htdocs\wordpress_assignment\wp-content\themes\resource-theme\archive-resource.php on line 69
[20-Jul-2024 17:52:17 UTC] PHP Warning:  Use of undefined constant t - assumed 't' (this will throw an Error in a future version of PHP) in C:\xampp\htdocs\wordpress_assignment\wp-content\themes\resource-theme\archive-resource.php on line 69
[20-Jul-2024 17:52:17 UTC] PHP Warning:  Use of undefined constant t - assumed 't' (this will throw an Error in a future version of PHP) in C:\xampp\htdocs\wordpress_assignment\wp-content\themes\resource-theme\archive-resource.php on line 69
[20-Jul-2024 17:52:17 UTC] PHP Warning:  Use of undefined constant t - assumed 't' (this will throw an Error in a future version of PHP) in C:\xampp\htdocs\wordpress_assignment\wp-content\themes\resource-theme\archive-resource.php on line 69
[20-Jul-2024 17:52:17 UTC] PHP Warning:  Use of undefined constant t - assumed 't' (this will throw an Error in a future version of PHP) in C:\xampp\htdocs\wordpress_assignment\wp-content\themes\resource-theme\archive-resource.php on line 69
[20-Jul-2024 17:52:19 UTC] PHP Warning:  Use of undefined constant t - assumed 't' (this will throw an Error in a future version of PHP) in C:\xampp\htdocs\wordpress_assignment\wp-content\themes\resource-theme\archive-resource.php on line 69
[20-Jul-2024 17:52:19 UTC] PHP Warning:  Use of undefined constant t - assumed 't' (this will throw an Error in a future version of PHP) in C:\xampp\htdocs\wordpress_assignment\wp-content\themes\resource-theme\archive-resource.php on line 69
[20-Jul-2024 17:52:19 UTC] PHP Warning:  Use of undefined constant t - assumed 't' (this will throw an Error in a future version of PHP) in C:\xampp\htdocs\wordpress_assignment\wp-content\themes\resource-theme\archive-resource.php on line 69
[20-Jul-2024 17:52:19 UTC] PHP Warning:  Use of undefined constant t - assumed 't' (this will throw an Error in a future version of PHP) in C:\xampp\htdocs\wordpress_assignment\wp-content\themes\resource-theme\archive-resource.php on line 69
[20-Jul-2024 17:52:19 UTC] PHP Warning:  Use of undefined constant t - assumed 't' (this will throw an Error in a future version of PHP) in C:\xampp\htdocs\wordpress_assignment\wp-content\themes\resource-theme\archive-resource.php on line 69
[20-Jul-2024 17:52:19 UTC] PHP Warning:  Use of undefined constant t - assumed 't' (this will throw an Error in a future version of PHP) in C:\xampp\htdocs\wordpress_assignment\wp-content\themes\resource-theme\archive-resource.php on line 69
[20-Jul-2024 17:54:50 UTC] PHP Warning:  Use of undefined constant t - assumed 't' (this will throw an Error in a future version of PHP) in C:\xampp\htdocs\wordpress_assignment\wp-content\themes\resource-theme\archive-resource.php on line 69
[20-Jul-2024 17:54:50 UTC] PHP Warning:  Use of undefined constant t - assumed 't' (this will throw an Error in a future version of PHP) in C:\xampp\htdocs\wordpress_assignment\wp-content\themes\resource-theme\archive-resource.php on line 69
[20-Jul-2024 17:54:50 UTC] PHP Warning:  Use of undefined constant t - assumed 't' (this will throw an Error in a future version of PHP) in C:\xampp\htdocs\wordpress_assignment\wp-content\themes\resource-theme\archive-resource.php on line 69
[20-Jul-2024 17:54:50 UTC] PHP Warning:  Use of undefined constant t - assumed 't' (this will throw an Error in a future version of PHP) in C:\xampp\htdocs\wordpress_assignment\wp-content\themes\resource-theme\archive-resource.php on line 69
[20-Jul-2024 17:54:50 UTC] PHP Warning:  Use of undefined constant t - assumed 't' (this will throw an Error in a future version of PHP) in C:\xampp\htdocs\wordpress_assignment\wp-content\themes\resource-theme\archive-resource.php on line 69
[20-Jul-2024 17:54:50 UTC] PHP Warning:  Use of undefined constant t - assumed 't' (this will throw an Error in a future version of PHP) in C:\xampp\htdocs\wordpress_assignment\wp-content\themes\resource-theme\archive-resource.php on line 69
[20-Jul-2024 17:54:54 UTC] PHP Warning:  Use of undefined constant t - assumed 't' (this will throw an Error in a future version of PHP) in C:\xampp\htdocs\wordpress_assignment\wp-content\themes\resource-theme\archive-resource.php on line 69
[20-Jul-2024 17:54:54 UTC] PHP Warning:  Use of undefined constant t - assumed 't' (this will throw an Error in a future version of PHP) in C:\xampp\htdocs\wordpress_assignment\wp-content\themes\resource-theme\archive-resource.php on line 69
[20-Jul-2024 17:54:54 UTC] PHP Warning:  Use of undefined constant t - assumed 't' (this will throw an Error in a future version of PHP) in C:\xampp\htdocs\wordpress_assignment\wp-content\themes\resource-theme\archive-resource.php on line 69
[20-Jul-2024 17:54:54 UTC] PHP Warning:  Use of undefined constant t - assumed 't' (this will throw an Error in a future version of PHP) in C:\xampp\htdocs\wordpress_assignment\wp-content\themes\resource-theme\archive-resource.php on line 69
[20-Jul-2024 17:54:54 UTC] PHP Warning:  Use of undefined constant t - assumed 't' (this will throw an Error in a future version of PHP) in C:\xampp\htdocs\wordpress_assignment\wp-content\themes\resource-theme\archive-resource.php on line 69
[20-Jul-2024 17:54:54 UTC] PHP Warning:  Use of undefined constant t - assumed 't' (this will throw an Error in a future version of PHP) in C:\xampp\htdocs\wordpress_assignment\wp-content\themes\resource-theme\archive-resource.php on line 69
[20-Jul-2024 17:55:07 UTC] PHP Warning:  Use of undefined constant t - assumed 't' (this will throw an Error in a future version of PHP) in C:\xampp\htdocs\wordpress_assignment\wp-content\themes\resource-theme\archive-resource.php on line 69
[20-Jul-2024 17:55:07 UTC] PHP Warning:  Use of undefined constant t - assumed 't' (this will throw an Error in a future version of PHP) in C:\xampp\htdocs\wordpress_assignment\wp-content\themes\resource-theme\archive-resource.php on line 69
[20-Jul-2024 17:55:07 UTC] PHP Warning:  Use of undefined constant t - assumed 't' (this will throw an Error in a future version of PHP) in C:\xampp\htdocs\wordpress_assignment\wp-content\themes\resource-theme\archive-resource.php on line 69
[20-Jul-2024 17:55:07 UTC] PHP Warning:  Use of undefined constant t - assumed 't' (this will throw an Error in a future version of PHP) in C:\xampp\htdocs\wordpress_assignment\wp-content\themes\resource-theme\archive-resource.php on line 69
[20-Jul-2024 17:55:07 UTC] PHP Warning:  Use of undefined constant t - assumed 't' (this will throw an Error in a future version of PHP) in C:\xampp\htdocs\wordpress_assignment\wp-content\themes\resource-theme\archive-resource.php on line 69
[20-Jul-2024 17:55:07 UTC] PHP Warning:  Use of undefined constant t - assumed 't' (this will throw an Error in a future version of PHP) in C:\xampp\htdocs\wordpress_assignment\wp-content\themes\resource-theme\archive-resource.php on line 69
[20-Jul-2024 17:56:11 UTC] PHP Warning:  Use of undefined constant t - assumed 't' (this will throw an Error in a future version of PHP) in C:\xampp\htdocs\wordpress_assignment\wp-content\themes\resource-theme\archive-resource.php on line 69
[20-Jul-2024 17:56:11 UTC] PHP Warning:  Use of undefined constant t - assumed 't' (this will throw an Error in a future version of PHP) in C:\xampp\htdocs\wordpress_assignment\wp-content\themes\resource-theme\archive-resource.php on line 69
[20-Jul-2024 17:56:11 UTC] PHP Warning:  Use of undefined constant t - assumed 't' (this will throw an Error in a future version of PHP) in C:\xampp\htdocs\wordpress_assignment\wp-content\themes\resource-theme\archive-resource.php on line 69
[20-Jul-2024 17:56:11 UTC] PHP Warning:  Use of undefined constant t - assumed 't' (this will throw an Error in a future version of PHP) in C:\xampp\htdocs\wordpress_assignment\wp-content\themes\resource-theme\archive-resource.php on line 69
[20-Jul-2024 17:56:11 UTC] PHP Warning:  Use of undefined constant t - assumed 't' (this will throw an Error in a future version of PHP) in C:\xampp\htdocs\wordpress_assignment\wp-content\themes\resource-theme\archive-resource.php on line 69
[20-Jul-2024 17:56:11 UTC] PHP Warning:  Use of undefined constant t - assumed 't' (this will throw an Error in a future version of PHP) in C:\xampp\htdocs\wordpress_assignment\wp-content\themes\resource-theme\archive-resource.php on line 69
[20-Jul-2024 17:58:12 UTC] PHP Warning:  Use of undefined constant t - assumed 't' (this will throw an Error in a future version of PHP) in C:\xampp\htdocs\wordpress_assignment\wp-content\themes\resource-theme\archive-resource.php on line 69
[20-Jul-2024 17:58:12 UTC] PHP Warning:  Use of undefined constant t - assumed 't' (this will throw an Error in a future version of PHP) in C:\xampp\htdocs\wordpress_assignment\wp-content\themes\resource-theme\archive-resource.php on line 69
[20-Jul-2024 17:58:12 UTC] PHP Warning:  Use of undefined constant t - assumed 't' (this will throw an Error in a future version of PHP) in C:\xampp\htdocs\wordpress_assignment\wp-content\themes\resource-theme\archive-resource.php on line 69
[20-Jul-2024 17:58:12 UTC] PHP Warning:  Use of undefined constant t - assumed 't' (this will throw an Error in a future version of PHP) in C:\xampp\htdocs\wordpress_assignment\wp-content\themes\resource-theme\archive-resource.php on line 69
[20-Jul-2024 17:58:12 UTC] PHP Warning:  Use of undefined constant t - assumed 't' (this will throw an Error in a future version of PHP) in C:\xampp\htdocs\wordpress_assignment\wp-content\themes\resource-theme\archive-resource.php on line 69
[20-Jul-2024 17:58:12 UTC] PHP Warning:  Use of undefined constant t - assumed 't' (this will throw an Error in a future version of PHP) in C:\xampp\htdocs\wordpress_assignment\wp-content\themes\resource-theme\archive-resource.php on line 69
[20-Jul-2024 17:59:20 UTC] PHP Warning:  Use of undefined constant t - assumed 't' (this will throw an Error in a future version of PHP) in C:\xampp\htdocs\wordpress_assignment\wp-content\themes\resource-theme\archive-resource.php on line 69
[20-Jul-2024 17:59:20 UTC] PHP Warning:  Use of undefined constant t - assumed 't' (this will throw an Error in a future version of PHP) in C:\xampp\htdocs\wordpress_assignment\wp-content\themes\resource-theme\archive-resource.php on line 69
[20-Jul-2024 17:59:20 UTC] PHP Warning:  Use of undefined constant t - assumed 't' (this will throw an Error in a future version of PHP) in C:\xampp\htdocs\wordpress_assignment\wp-content\themes\resource-theme\archive-resource.php on line 69
[20-Jul-2024 17:59:20 UTC] PHP Warning:  Use of undefined constant t - assumed 't' (this will throw an Error in a future version of PHP) in C:\xampp\htdocs\wordpress_assignment\wp-content\themes\resource-theme\archive-resource.php on line 69
[20-Jul-2024 17:59:20 UTC] PHP Warning:  Use of undefined constant t - assumed 't' (this will throw an Error in a future version of PHP) in C:\xampp\htdocs\wordpress_assignment\wp-content\themes\resource-theme\archive-resource.php on line 69
[20-Jul-2024 17:59:20 UTC] PHP Warning:  Use of undefined constant t - assumed 't' (this will throw an Error in a future version of PHP) in C:\xampp\htdocs\wordpress_assignment\wp-content\themes\resource-theme\archive-resource.php on line 69
[20-Jul-2024 18:00:08 UTC] PHP Warning:  Use of undefined constant t - assumed 't' (this will throw an Error in a future version of PHP) in C:\xampp\htdocs\wordpress_assignment\wp-content\themes\resource-theme\archive-resource.php on line 69
[20-Jul-2024 18:00:08 UTC] PHP Warning:  Use of undefined constant t - assumed 't' (this will throw an Error in a future version of PHP) in C:\xampp\htdocs\wordpress_assignment\wp-content\themes\resource-theme\archive-resource.php on line 69
[20-Jul-2024 18:00:08 UTC] PHP Warning:  Use of undefined constant t - assumed 't' (this will throw an Error in a future version of PHP) in C:\xampp\htdocs\wordpress_assignment\wp-content\themes\resource-theme\archive-resource.php on line 69
[20-Jul-2024 18:00:08 UTC] PHP Warning:  Use of undefined constant t - assumed 't' (this will throw an Error in a future version of PHP) in C:\xampp\htdocs\wordpress_assignment\wp-content\themes\resource-theme\archive-resource.php on line 69
[20-Jul-2024 18:00:08 UTC] PHP Warning:  Use of undefined constant t - assumed 't' (this will throw an Error in a future version of PHP) in C:\xampp\htdocs\wordpress_assignment\wp-content\themes\resource-theme\archive-resource.php on line 69
[20-Jul-2024 18:00:08 UTC] PHP Warning:  Use of undefined constant t - assumed 't' (this will throw an Error in a future version of PHP) in C:\xampp\htdocs\wordpress_assignment\wp-content\themes\resource-theme\archive-resource.php on line 69
[20-Jul-2024 18:02:50 UTC] PHP Warning:  Use of undefined constant t - assumed 't' (this will throw an Error in a future version of PHP) in C:\xampp\htdocs\wordpress_assignment\wp-content\themes\resource-theme\archive-resource.php on line 71
[20-Jul-2024 18:02:50 UTC] PHP Warning:  Use of undefined constant t - assumed 't' (this will throw an Error in a future version of PHP) in C:\xampp\htdocs\wordpress_assignment\wp-content\themes\resource-theme\archive-resource.php on line 71
[20-Jul-2024 18:02:50 UTC] PHP Warning:  Use of undefined constant t - assumed 't' (this will throw an Error in a future version of PHP) in C:\xampp\htdocs\wordpress_assignment\wp-content\themes\resource-theme\archive-resource.php on line 71
[20-Jul-2024 18:02:50 UTC] PHP Warning:  Use of undefined constant t - assumed 't' (this will throw an Error in a future version of PHP) in C:\xampp\htdocs\wordpress_assignment\wp-content\themes\resource-theme\archive-resource.php on line 71
[20-Jul-2024 18:02:50 UTC] PHP Warning:  Use of undefined constant t - assumed 't' (this will throw an Error in a future version of PHP) in C:\xampp\htdocs\wordpress_assignment\wp-content\themes\resource-theme\archive-resource.php on line 71
[20-Jul-2024 18:02:50 UTC] PHP Warning:  Use of undefined constant t - assumed 't' (this will throw an Error in a future version of PHP) in C:\xampp\htdocs\wordpress_assignment\wp-content\themes\resource-theme\archive-resource.php on line 71
[20-Jul-2024 18:03:48 UTC] PHP Warning:  Use of undefined constant t - assumed 't' (this will throw an Error in a future version of PHP) in C:\xampp\htdocs\wordpress_assignment\wp-content\themes\resource-theme\archive-resource.php on line 69
[20-Jul-2024 18:03:48 UTC] PHP Warning:  Use of undefined constant t - assumed 't' (this will throw an Error in a future version of PHP) in C:\xampp\htdocs\wordpress_assignment\wp-content\themes\resource-theme\archive-resource.php on line 69
[20-Jul-2024 18:03:48 UTC] PHP Warning:  Use of undefined constant t - assumed 't' (this will throw an Error in a future version of PHP) in C:\xampp\htdocs\wordpress_assignment\wp-content\themes\resource-theme\archive-resource.php on line 69
[20-Jul-2024 18:03:48 UTC] PHP Warning:  Use of undefined constant t - assumed 't' (this will throw an Error in a future version of PHP) in C:\xampp\htdocs\wordpress_assignment\wp-content\themes\resource-theme\archive-resource.php on line 69
[20-Jul-2024 18:03:48 UTC] PHP Warning:  Use of undefined constant t - assumed 't' (this will throw an Error in a future version of PHP) in C:\xampp\htdocs\wordpress_assignment\wp-content\themes\resource-theme\archive-resource.php on line 69
[20-Jul-2024 18:03:48 UTC] PHP Warning:  Use of undefined constant t - assumed 't' (this will throw an Error in a future version of PHP) in C:\xampp\htdocs\wordpress_assignment\wp-content\themes\resource-theme\archive-resource.php on line 69
[20-Jul-2024 18:08:28 UTC] PHP Warning:  Use of undefined constant t - assumed 't' (this will throw an Error in a future version of PHP) in C:\xampp\htdocs\wordpress_assignment\wp-content\themes\resource-theme\archive-resource.php on line 69
[20-Jul-2024 18:08:28 UTC] PHP Warning:  Use of undefined constant t - assumed 't' (this will throw an Error in a future version of PHP) in C:\xampp\htdocs\wordpress_assignment\wp-content\themes\resource-theme\archive-resource.php on line 69
[20-Jul-2024 18:08:28 UTC] PHP Warning:  Use of undefined constant t - assumed 't' (this will throw an Error in a future version of PHP) in C:\xampp\htdocs\wordpress_assignment\wp-content\themes\resource-theme\archive-resource.php on line 69
[20-Jul-2024 18:08:28 UTC] PHP Warning:  Use of undefined constant t - assumed 't' (this will throw an Error in a future version of PHP) in C:\xampp\htdocs\wordpress_assignment\wp-content\themes\resource-theme\archive-resource.php on line 69
[20-Jul-2024 18:08:28 UTC] PHP Warning:  Use of undefined constant t - assumed 't' (this will throw an Error in a future version of PHP) in C:\xampp\htdocs\wordpress_assignment\wp-content\themes\resource-theme\archive-resource.php on line 69
[20-Jul-2024 18:08:28 UTC] PHP Warning:  Use of undefined constant t - assumed 't' (this will throw an Error in a future version of PHP) in C:\xampp\htdocs\wordpress_assignment\wp-content\themes\resource-theme\archive-resource.php on line 69
[20-Jul-2024 18:09:31 UTC] PHP Warning:  Use of undefined constant t - assumed 't' (this will throw an Error in a future version of PHP) in C:\xampp\htdocs\wordpress_assignment\wp-content\themes\resource-theme\archive-resource.php on line 71
[20-Jul-2024 18:09:31 UTC] PHP Warning:  Use of undefined constant t - assumed 't' (this will throw an Error in a future version of PHP) in C:\xampp\htdocs\wordpress_assignment\wp-content\themes\resource-theme\archive-resource.php on line 71
[20-Jul-2024 18:09:31 UTC] PHP Warning:  Use of undefined constant t - assumed 't' (this will throw an Error in a future version of PHP) in C:\xampp\htdocs\wordpress_assignment\wp-content\themes\resource-theme\archive-resource.php on line 71
[20-Jul-2024 18:09:31 UTC] PHP Warning:  Use of undefined constant t - assumed 't' (this will throw an Error in a future version of PHP) in C:\xampp\htdocs\wordpress_assignment\wp-content\themes\resource-theme\archive-resource.php on line 71
[20-Jul-2024 18:09:31 UTC] PHP Warning:  Use of undefined constant t - assumed 't' (this will throw an Error in a future version of PHP) in C:\xampp\htdocs\wordpress_assignment\wp-content\themes\resource-theme\archive-resource.php on line 71
[20-Jul-2024 18:09:31 UTC] PHP Warning:  Use of undefined constant t - assumed 't' (this will throw an Error in a future version of PHP) in C:\xampp\htdocs\wordpress_assignment\wp-content\themes\resource-theme\archive-resource.php on line 71
[20-Jul-2024 18:11:26 UTC] PHP Warning:  Use of undefined constant t - assumed 't' (this will throw an Error in a future version of PHP) in C:\xampp\htdocs\wordpress_assignment\wp-content\themes\resource-theme\archive-resource.php on line 72
[20-Jul-2024 18:11:26 UTC] PHP Warning:  Use of undefined constant t - assumed 't' (this will throw an Error in a future version of PHP) in C:\xampp\htdocs\wordpress_assignment\wp-content\themes\resource-theme\archive-resource.php on line 72
[20-Jul-2024 18:11:26 UTC] PHP Warning:  Use of undefined constant t - assumed 't' (this will throw an Error in a future version of PHP) in C:\xampp\htdocs\wordpress_assignment\wp-content\themes\resource-theme\archive-resource.php on line 72
[20-Jul-2024 18:11:26 UTC] PHP Warning:  Use of undefined constant t - assumed 't' (this will throw an Error in a future version of PHP) in C:\xampp\htdocs\wordpress_assignment\wp-content\themes\resource-theme\archive-resource.php on line 72
[20-Jul-2024 18:11:26 UTC] PHP Warning:  Use of undefined constant t - assumed 't' (this will throw an Error in a future version of PHP) in C:\xampp\htdocs\wordpress_assignment\wp-content\themes\resource-theme\archive-resource.php on line 72
[20-Jul-2024 18:11:26 UTC] PHP Warning:  Use of undefined constant t - assumed 't' (this will throw an Error in a future version of PHP) in C:\xampp\htdocs\wordpress_assignment\wp-content\themes\resource-theme\archive-resource.php on line 72
[20-Jul-2024 18:15:49 UTC] PHP Warning:  Use of undefined constant t - assumed 't' (this will throw an Error in a future version of PHP) in C:\xampp\htdocs\wordpress_assignment\wp-content\themes\resource-theme\archive-resource.php on line 72
[20-Jul-2024 18:15:49 UTC] PHP Warning:  Use of undefined constant t - assumed 't' (this will throw an Error in a future version of PHP) in C:\xampp\htdocs\wordpress_assignment\wp-content\themes\resource-theme\archive-resource.php on line 72
[20-Jul-2024 18:15:49 UTC] PHP Warning:  Use of undefined constant t - assumed 't' (this will throw an Error in a future version of PHP) in C:\xampp\htdocs\wordpress_assignment\wp-content\themes\resource-theme\archive-resource.php on line 72
[20-Jul-2024 18:15:49 UTC] PHP Warning:  Use of undefined constant t - assumed 't' (this will throw an Error in a future version of PHP) in C:\xampp\htdocs\wordpress_assignment\wp-content\themes\resource-theme\archive-resource.php on line 72
[20-Jul-2024 18:15:49 UTC] PHP Warning:  Use of undefined constant t - assumed 't' (this will throw an Error in a future version of PHP) in C:\xampp\htdocs\wordpress_assignment\wp-content\themes\resource-theme\archive-resource.php on line 72
[20-Jul-2024 18:15:49 UTC] PHP Warning:  Use of undefined constant t - assumed 't' (this will throw an Error in a future version of PHP) in C:\xampp\htdocs\wordpress_assignment\wp-content\themes\resource-theme\archive-resource.php on line 72
[20-Jul-2024 18:19:22 UTC] PHP Warning:  Use of undefined constant t - assumed 't' (this will throw an Error in a future version of PHP) in C:\xampp\htdocs\wordpress_assignment\wp-content\themes\resource-theme\archive-resource.php on line 72
[20-Jul-2024 18:19:22 UTC] PHP Warning:  Use of undefined constant t - assumed 't' (this will throw an Error in a future version of PHP) in C:\xampp\htdocs\wordpress_assignment\wp-content\themes\resource-theme\archive-resource.php on line 72
[20-Jul-2024 18:19:22 UTC] PHP Warning:  Use of undefined constant t - assumed 't' (this will throw an Error in a future version of PHP) in C:\xampp\htdocs\wordpress_assignment\wp-content\themes\resource-theme\archive-resource.php on line 72
[20-Jul-2024 18:19:22 UTC] PHP Warning:  Use of undefined constant t - assumed 't' (this will throw an Error in a future version of PHP) in C:\xampp\htdocs\wordpress_assignment\wp-content\themes\resource-theme\archive-resource.php on line 72
[20-Jul-2024 18:19:22 UTC] PHP Warning:  Use of undefined constant t - assumed 't' (this will throw an Error in a future version of PHP) in C:\xampp\htdocs\wordpress_assignment\wp-content\themes\resource-theme\archive-resource.php on line 72
[20-Jul-2024 18:19:22 UTC] PHP Warning:  Use of undefined constant t - assumed 't' (this will throw an Error in a future version of PHP) in C:\xampp\htdocs\wordpress_assignment\wp-content\themes\resource-theme\archive-resource.php on line 72
[20-Jul-2024 18:20:14 UTC] PHP Warning:  Use of undefined constant t - assumed 't' (this will throw an Error in a future version of PHP) in C:\xampp\htdocs\wordpress_assignment\wp-content\themes\resource-theme\archive-resource.php on line 72
[20-Jul-2024 18:20:14 UTC] PHP Warning:  Use of undefined constant t - assumed 't' (this will throw an Error in a future version of PHP) in C:\xampp\htdocs\wordpress_assignment\wp-content\themes\resource-theme\archive-resource.php on line 72
[20-Jul-2024 18:20:14 UTC] PHP Warning:  Use of undefined constant t - assumed 't' (this will throw an Error in a future version of PHP) in C:\xampp\htdocs\wordpress_assignment\wp-content\themes\resource-theme\archive-resource.php on line 72
[20-Jul-2024 18:20:14 UTC] PHP Warning:  Use of undefined constant t - assumed 't' (this will throw an Error in a future version of PHP) in C:\xampp\htdocs\wordpress_assignment\wp-content\themes\resource-theme\archive-resource.php on line 72
[20-Jul-2024 18:20:14 UTC] PHP Warning:  Use of undefined constant t - assumed 't' (this will throw an Error in a future version of PHP) in C:\xampp\htdocs\wordpress_assignment\wp-content\themes\resource-theme\archive-resource.php on line 72
[20-Jul-2024 18:20:14 UTC] PHP Warning:  Use of undefined constant t - assumed 't' (this will throw an Error in a future version of PHP) in C:\xampp\htdocs\wordpress_assignment\wp-content\themes\resource-theme\archive-resource.php on line 72
[20-Jul-2024 18:31:25 UTC] PHP Warning:  Use of undefined constant t - assumed 't' (this will throw an Error in a future version of PHP) in C:\xampp\htdocs\wordpress_assignment\wp-content\themes\resource-theme\archive-resource.php on line 72
[20-Jul-2024 18:31:25 UTC] PHP Warning:  Use of undefined constant t - assumed 't' (this will throw an Error in a future version of PHP) in C:\xampp\htdocs\wordpress_assignment\wp-content\themes\resource-theme\archive-resource.php on line 72
[20-Jul-2024 18:31:25 UTC] PHP Warning:  Use of undefined constant t - assumed 't' (this will throw an Error in a future version of PHP) in C:\xampp\htdocs\wordpress_assignment\wp-content\themes\resource-theme\archive-resource.php on line 72
[20-Jul-2024 18:31:25 UTC] PHP Warning:  Use of undefined constant t - assumed 't' (this will throw an Error in a future version of PHP) in C:\xampp\htdocs\wordpress_assignment\wp-content\themes\resource-theme\archive-resource.php on line 72
[20-Jul-2024 18:31:25 UTC] PHP Warning:  Use of undefined constant t - assumed 't' (this will throw an Error in a future version of PHP) in C:\xampp\htdocs\wordpress_assignment\wp-content\themes\resource-theme\archive-resource.php on line 72
[20-Jul-2024 18:31:25 UTC] PHP Warning:  Use of undefined constant t - assumed 't' (this will throw an Error in a future version of PHP) in C:\xampp\htdocs\wordpress_assignment\wp-content\themes\resource-theme\archive-resource.php on line 72
[20-Jul-2024 18:32:34 UTC] PHP Warning:  Use of undefined constant t - assumed 't' (this will throw an Error in a future version of PHP) in C:\xampp\htdocs\wordpress_assignment\wp-content\themes\resource-theme\archive-resource.php on line 72
[20-Jul-2024 18:32:34 UTC] PHP Warning:  Use of undefined constant t - assumed 't' (this will throw an Error in a future version of PHP) in C:\xampp\htdocs\wordpress_assignment\wp-content\themes\resource-theme\archive-resource.php on line 72
[20-Jul-2024 18:32:34 UTC] PHP Warning:  Use of undefined constant t - assumed 't' (this will throw an Error in a future version of PHP) in C:\xampp\htdocs\wordpress_assignment\wp-content\themes\resource-theme\archive-resource.php on line 72
[20-Jul-2024 18:32:34 UTC] PHP Warning:  Use of undefined constant t - assumed 't' (this will throw an Error in a future version of PHP) in C:\xampp\htdocs\wordpress_assignment\wp-content\themes\resource-theme\archive-resource.php on line 72
[20-Jul-2024 18:32:34 UTC] PHP Warning:  Use of undefined constant t - assumed 't' (this will throw an Error in a future version of PHP) in C:\xampp\htdocs\wordpress_assignment\wp-content\themes\resource-theme\archive-resource.php on line 72
[20-Jul-2024 18:32:34 UTC] PHP Warning:  Use of undefined constant t - assumed 't' (this will throw an Error in a future version of PHP) in C:\xampp\htdocs\wordpress_assignment\wp-content\themes\resource-theme\archive-resource.php on line 72
[20-Jul-2024 18:33:34 UTC] PHP Warning:  Use of undefined constant t - assumed 't' (this will throw an Error in a future version of PHP) in C:\xampp\htdocs\wordpress_assignment\wp-content\themes\resource-theme\archive-resource.php on line 73
[20-Jul-2024 18:33:34 UTC] PHP Warning:  Use of undefined constant t - assumed 't' (this will throw an Error in a future version of PHP) in C:\xampp\htdocs\wordpress_assignment\wp-content\themes\resource-theme\archive-resource.php on line 73
[20-Jul-2024 18:33:34 UTC] PHP Warning:  Use of undefined constant t - assumed 't' (this will throw an Error in a future version of PHP) in C:\xampp\htdocs\wordpress_assignment\wp-content\themes\resource-theme\archive-resource.php on line 73
[20-Jul-2024 18:33:34 UTC] PHP Warning:  Use of undefined constant t - assumed 't' (this will throw an Error in a future version of PHP) in C:\xampp\htdocs\wordpress_assignment\wp-content\themes\resource-theme\archive-resource.php on line 73
[20-Jul-2024 18:33:34 UTC] PHP Warning:  Use of undefined constant t - assumed 't' (this will throw an Error in a future version of PHP) in C:\xampp\htdocs\wordpress_assignment\wp-content\themes\resource-theme\archive-resource.php on line 73
[20-Jul-2024 18:33:34 UTC] PHP Warning:  Use of undefined constant t - assumed 't' (this will throw an Error in a future version of PHP) in C:\xampp\htdocs\wordpress_assignment\wp-content\themes\resource-theme\archive-resource.php on line 73
[20-Jul-2024 18:34:32 UTC] PHP Warning:  Use of undefined constant t - assumed 't' (this will throw an Error in a future version of PHP) in C:\xampp\htdocs\wordpress_assignment\wp-content\themes\resource-theme\archive-resource.php on line 73
[20-Jul-2024 18:34:32 UTC] PHP Warning:  Use of undefined constant t - assumed 't' (this will throw an Error in a future version of PHP) in C:\xampp\htdocs\wordpress_assignment\wp-content\themes\resource-theme\archive-resource.php on line 73
[20-Jul-2024 18:34:32 UTC] PHP Warning:  Use of undefined constant t - assumed 't' (this will throw an Error in a future version of PHP) in C:\xampp\htdocs\wordpress_assignment\wp-content\themes\resource-theme\archive-resource.php on line 73
[20-Jul-2024 18:34:32 UTC] PHP Warning:  Use of undefined constant t - assumed 't' (this will throw an Error in a future version of PHP) in C:\xampp\htdocs\wordpress_assignment\wp-content\themes\resource-theme\archive-resource.php on line 73
[20-Jul-2024 18:34:32 UTC] PHP Warning:  Use of undefined constant t - assumed 't' (this will throw an Error in a future version of PHP) in C:\xampp\htdocs\wordpress_assignment\wp-content\themes\resource-theme\archive-resource.php on line 73
[20-Jul-2024 18:34:32 UTC] PHP Warning:  Use of undefined constant t - assumed 't' (this will throw an Error in a future version of PHP) in C:\xampp\htdocs\wordpress_assignment\wp-content\themes\resource-theme\archive-resource.php on line 73
[20-Jul-2024 18:36:02 UTC] PHP Warning:  Use of undefined constant t - assumed 't' (this will throw an Error in a future version of PHP) in C:\xampp\htdocs\wordpress_assignment\wp-content\themes\resource-theme\archive-resource.php on line 73
[20-Jul-2024 18:36:02 UTC] PHP Warning:  Use of undefined constant t - assumed 't' (this will throw an Error in a future version of PHP) in C:\xampp\htdocs\wordpress_assignment\wp-content\themes\resource-theme\archive-resource.php on line 73
[20-Jul-2024 18:36:02 UTC] PHP Warning:  Use of undefined constant t - assumed 't' (this will throw an Error in a future version of PHP) in C:\xampp\htdocs\wordpress_assignment\wp-content\themes\resource-theme\archive-resource.php on line 73
[20-Jul-2024 18:36:02 UTC] PHP Warning:  Use of undefined constant t - assumed 't' (this will throw an Error in a future version of PHP) in C:\xampp\htdocs\wordpress_assignment\wp-content\themes\resource-theme\archive-resource.php on line 73
[20-Jul-2024 18:36:02 UTC] PHP Warning:  Use of undefined constant t - assumed 't' (this will throw an Error in a future version of PHP) in C:\xampp\htdocs\wordpress_assignment\wp-content\themes\resource-theme\archive-resource.php on line 73
[20-Jul-2024 18:36:02 UTC] PHP Warning:  Use of undefined constant t - assumed 't' (this will throw an Error in a future version of PHP) in C:\xampp\htdocs\wordpress_assignment\wp-content\themes\resource-theme\archive-resource.php on line 73
[20-Jul-2024 18:36:59 UTC] PHP Warning:  Use of undefined constant t - assumed 't' (this will throw an Error in a future version of PHP) in C:\xampp\htdocs\wordpress_assignment\wp-content\themes\resource-theme\archive-resource.php on line 73
[20-Jul-2024 18:36:59 UTC] PHP Warning:  Use of undefined constant t - assumed 't' (this will throw an Error in a future version of PHP) in C:\xampp\htdocs\wordpress_assignment\wp-content\themes\resource-theme\archive-resource.php on line 73
[20-Jul-2024 18:36:59 UTC] PHP Warning:  Use of undefined constant t - assumed 't' (this will throw an Error in a future version of PHP) in C:\xampp\htdocs\wordpress_assignment\wp-content\themes\resource-theme\archive-resource.php on line 73
[20-Jul-2024 18:36:59 UTC] PHP Warning:  Use of undefined constant t - assumed 't' (this will throw an Error in a future version of PHP) in C:\xampp\htdocs\wordpress_assignment\wp-content\themes\resource-theme\archive-resource.php on line 73
[20-Jul-2024 18:36:59 UTC] PHP Warning:  Use of undefined constant t - assumed 't' (this will throw an Error in a future version of PHP) in C:\xampp\htdocs\wordpress_assignment\wp-content\themes\resource-theme\archive-resource.php on line 73
[20-Jul-2024 18:36:59 UTC] PHP Warning:  Use of undefined constant t - assumed 't' (this will throw an Error in a future version of PHP) in C:\xampp\htdocs\wordpress_assignment\wp-content\themes\resource-theme\archive-resource.php on line 73
[20-Jul-2024 18:38:15 UTC] PHP Warning:  Use of undefined constant t - assumed 't' (this will throw an Error in a future version of PHP) in C:\xampp\htdocs\wordpress_assignment\wp-content\themes\resource-theme\archive-resource.php on line 73
[20-Jul-2024 18:38:15 UTC] PHP Warning:  Use of undefined constant t - assumed 't' (this will throw an Error in a future version of PHP) in C:\xampp\htdocs\wordpress_assignment\wp-content\themes\resource-theme\archive-resource.php on line 73
[20-Jul-2024 18:38:15 UTC] PHP Warning:  Use of undefined constant t - assumed 't' (this will throw an Error in a future version of PHP) in C:\xampp\htdocs\wordpress_assignment\wp-content\themes\resource-theme\archive-resource.php on line 73
[20-Jul-2024 18:38:15 UTC] PHP Warning:  Use of undefined constant t - assumed 't' (this will throw an Error in a future version of PHP) in C:\xampp\htdocs\wordpress_assignment\wp-content\themes\resource-theme\archive-resource.php on line 73
[20-Jul-2024 18:38:15 UTC] PHP Warning:  Use of undefined constant t - assumed 't' (this will throw an Error in a future version of PHP) in C:\xampp\htdocs\wordpress_assignment\wp-content\themes\resource-theme\archive-resource.php on line 73
[20-Jul-2024 18:38:15 UTC] PHP Warning:  Use of undefined constant t - assumed 't' (this will throw an Error in a future version of PHP) in C:\xampp\htdocs\wordpress_assignment\wp-content\themes\resource-theme\archive-resource.php on line 73
[20-Jul-2024 18:39:41 UTC] PHP Warning:  Use of undefined constant t - assumed 't' (this will throw an Error in a future version of PHP) in C:\xampp\htdocs\wordpress_assignment\wp-content\themes\resource-theme\archive-resource.php on line 73
[20-Jul-2024 18:39:41 UTC] PHP Warning:  Use of undefined constant t - assumed 't' (this will throw an Error in a future version of PHP) in C:\xampp\htdocs\wordpress_assignment\wp-content\themes\resource-theme\archive-resource.php on line 73
[20-Jul-2024 18:39:41 UTC] PHP Warning:  Use of undefined constant t - assumed 't' (this will throw an Error in a future version of PHP) in C:\xampp\htdocs\wordpress_assignment\wp-content\themes\resource-theme\archive-resource.php on line 73
[20-Jul-2024 18:39:41 UTC] PHP Warning:  Use of undefined constant t - assumed 't' (this will throw an Error in a future version of PHP) in C:\xampp\htdocs\wordpress_assignment\wp-content\themes\resource-theme\archive-resource.php on line 73
[20-Jul-2024 18:39:41 UTC] PHP Warning:  Use of undefined constant t - assumed 't' (this will throw an Error in a future version of PHP) in C:\xampp\htdocs\wordpress_assignment\wp-content\themes\resource-theme\archive-resource.php on line 73
[20-Jul-2024 18:39:41 UTC] PHP Warning:  Use of undefined constant t - assumed 't' (this will throw an Error in a future version of PHP) in C:\xampp\htdocs\wordpress_assignment\wp-content\themes\resource-theme\archive-resource.php on line 73
[21-Jul-2024 04:47:52 UTC] Automatic updates starting...
[21-Jul-2024 04:47:53 UTC] Automatic updates complete.
